<?xml version="1.0" encoding="UTF-8"?>
<!-- Generated by org.testng.reporters.JUnitReportReporter -->
<testsuite hostname="DESKTOP-82M39K6" failures="0" tests="1" name="TestProject.NotifyNow.AdminEstate_Account" time="80.089" errors="0" timestamp="2023-02-22T16:50:20 IST" skipped="0">
  <testcase classname="TestProject.NotifyNow.AdminEstate_Account" name="estateaccount" time="80.089"/>
  <system-out/>
</testsuite> <!-- TestProject.NotifyNow.AdminEstate_Account -->
